    1  exit
    2  ls
    3  pwd
    4  exit
    5  pwd
    6  wget www.github.com
    7  history
    8  history > cmds.log
    9  ls
   10  cat cmds.log
   11  ls
   12  cd
   13  ls
   14  mkdir Worksheet1
   15  history
   16  history > cmds.log
   17  cat cmds.log
   18  clear
   19  cd
   20  ls
   21  mkdir cs131
   22  cd cs131
   23  mkdir Workshet1
   24  rm -R Workshet1
   25  ls
   26  mkdir Worksheet1
   27  cd
   28  wget www.github.com
   29  cd cs131
   30  cd Worksheet
   31  cd Worksheet1
   32  history > cmds.log
   33  ls
   34  git brach
   35  git branch
   36  cat cmds.log
   37  git init
   38  git branch
   39  git branch -a
   40  git branch -r
   41  cd ..
   42  git branch
   43  git branch -a
   44  cd Worksheet1/
   45  git status
   46  git add -a
   47  git add -A
   48  git commit -m "Initial Commit"
   49  git commit -m "first commit"
   50  git status
   51  clear
   52  git init
   53  git add README.md
   54  git add -A
   55  git commit -m "first commit"
   56  git congig --global maycarolyn2017@gmail.com
   57  git config --global maycarolyn2017@gmail.com
   58  git config --global user.email "maycarolyn2017@gmail.com"
   59  git commit -m "first commit"
   60  git config --global user.name "QMay17"
   61  git commit -m "first commit"
   62  git branch -M main
   63  git remote add origin https://github.com/QMay17/cs131.git
   64  git push -u origin main
   65  git remote -v
   66  git remote set-url origin https://github.com/QMay17/cs131.git
   67  git push -u origin main
   68  ssh maysp24@172.20.25.9
   69  git push -u origin main
   70  git init
   71  git add -A
   72  git branch -M main
   73  git remote add origin https://github.com/QMay17/cs131.git
   74  git push -u origin main
   75  git branch -M main
   76  git push -u origin main
   77  git add -A
   78  git commit -m "first commit"
   79  git branch -M main
   80  git remote add origin https://github.com/QMay17/cs131.git
   81  git push -u origin main
   82  ls
   83  rm -m Worksheet1
   84  rm -r Worksheet1
   85  ls
   86  vim index.html
   87  rm -r index.html
   88  rm -r index.html.1 
   89  ls
   90  cd cs131
   91  cd Worksheet1
   92  ls
   93  cd .
   94  cd..
   95  cd ..
   96  git init
   97  git add -A
   98  git status
   99  git commit -m "first commit"
  100  git branch -M main
  101  git remote add origin https://github.com/QMay17/cs131.git
  102  git push -u origin main
  103  git branch
  104  git bramch -M mastet
  105  git branch -M master
  106  git branch
  107  git remote add origin https://github.com/QMay17/cs131.git
  108  git push -u origin main
  109  git push -u origin master
  110  git push
  111  git push -u origin master
  112  wget www.github.com
  113  git init
  114  git add -A
  115  ls
  116  cd cs131
  117  git commit -m "first commit"
  118  git branch -M master
  119  git remote add origin https://github.com/QMay17/cs131.git
  120  git push -u origin master
  121  ls
  122  cd Worksheet1/
  123  ls
  124  cat cmds.log 
  125  cd ..
  126  git status
  127  git add .
  128  git commit -m "second commit"
  129  git log --oneline
  130  git push
  131  git init
  132  git add -A
  133  git commit -m "first commit"
  134  git branch -M master
  135  git remote add origin https://github.com/QMay17/cs131.git
  136  git push -u origin master
  137  ls
  138  cd Worksheet1/
  139  ls
  140  cat cmds.log 
  141  cat /etc/passwd
  142  cat /etc/shadow
  143  sudo nano /etc/shadow
  144  su ashish
  145  cat/etc/group
  146  cat /etc/group
  147  man chown
  148  ls
  149  chown -R ashish cs131
  150  ls
  151  cat /mnt/scratch/FA_CS131_Ashish/ashish/a.txt
  152  pwd
  153  ls
  154  su - aashish
  155  su - ashish
  156  exit
  157  passwd
  158  ls 
  159  cat /etc/group
  160  grep may /etc/group
  161  clear
  162  crontab -e
  163  crontab -l
  164  crontab
  165  corntab -e
  166  crontab -e
  167  ls
  168  cat result.txt
  169  echo man
  170  man echo
  171  touch result.txt
  172  ls
  173  crontab -l
  174  crontab -e
  175  crontab -l
  176  crontab -e
  177  crontab -l
  178  * * * * * echo printing this line at `date` >> result.txt
  179  crontab * * * * * echo printing this line at `date` >> result.txt
  180  cronjob
  181  cronjob -l
  182  cornjob -l
  183  clear
  184  ls
  185  cd cs131
  186  mkdir assignment 2
  187  git add .
  188  git commit -m "testing"
  189  ls -ltr
  190  wget https://raw.githubusercontent.com/khanchandaniashish/CS131/main/Global%20YouTube%20Statistics.csv
  191  grep 'United States' Global YouTube Statistics.csv 
  192  ls
  193  gre[ 'United States' Global\ YouTube\ Statistics.csv ; 
  194  vi 'Global YouTube Statistics.csv'
  195  grep 'United States' 'Global YouTube Statistics.csv'
  196  grep 'Music''Global YouTube Statistics.csv'
  197  grep 'Music' 'Global YouTube Statistics.csv'
  198  wc -l 'Music' 'Global YouTube Statistics.csv'
  199  grep 'Music' 'Global YouTube Statistics.csv' > counts.txt
  200  wc -l counts.txt 
  201  vi counts.txt 
  202  clear
  203  wget https://raw.githubusercontent.com/khanchandaniashish/CS131/main/Global%20YouTube%20Statistics.csv
  204  ls
  205  cd cs131
  206  ls
  207  cd
  208  cat counts.txt
  209  wc counts.txt
  210  clearear
  211  clear
  212  cd spotify
  213  spotify-2023.csv
  214  clear
  215  mkdir emptyDir
  216  ls -latr
  217  cd emptyDir/
  218  ls -latr
  219  cd
  220  rmdir emptyDir/
  221  ls
  222  rm -rf Global\ YouTube\ Statistics.csv.1
  223  ls
  224  rm -rf counts.txt
  225  rm -rf results.txt
  226  ls
  227  rm -rf result.txt
  228  ls
  229  clear
  230  ls
  231  grep "United States" Global\ YouTube\ Statistics.csv 
  232  wc -l
  233  grep "Music" Global\ YouTube\ Statistics.csv 
  234  grep "Music" Global\ YouTube\ Statistics.csv | wc -lw
  235  grep "Music" Global\ YouTube\ Statistics.csv | wc -l
  236  grep "Music" Global\ YouTube\ Statistics.csv > counts.txt
  237  ls
  238  mv counts.txt /cs131
  239  rmdir counts.txt
  240  rm counts.txt
  241  ls
  242  clear
  243  cd cs131/
  244  wget https://raw.githubusercontent.com/khanchandaniashish/CS131/main/Global%20YouTube%20Statistics.csv
  245  grep "United States" Global\ YouTube\ Statistics.csv 
  246  clear
  247  grep "Music" Global\ YouTube\ Statistics.csv 
  248  grep "Music" Global\ YouTube\ Statistics.csv | wc -lw
  249  grep "Music" Global\ YouTube\ Statistics.csv > counts.txt
  250  vi counts.txt
  251  vi counts
  252  ls
  253  rm 2
  254  rmdir 2
  255  rmdir assignment
  256  vi counts.txt 
  257  ls
  258  mkdir Worksheet2
  259  cd Worksheet2
  260  history > cmds.log
